FullScreenImageSlider/app/build/outputs/logs/manifest-merger-debug-report.txt
-- Merging decision tree log ---
manifest
ADDED from src/main/AndroidManifest.xml:2:1-34:12
	package
		ADDED from src/main/AndroidManifest.xml:3:5-43
		INJECTED from src/main/AndroidManifest.xml
		INJECTED from src/main/AndroidManifest.xml
	android:versionName
		ADDED from src/main/AndroidManifest.xml:5:5-30
		INJECTED from src/main/AndroidManifest.xml
		INJECTED from src/main/AndroidManifest.xml
	android:versionCode
		ADDED from src/main/AndroidManifest.xml:4:5-28
		INJECTED from src/main/AndroidManifest.xml
		INJECTED from src/main/AndroidManifest.xml
	xmlns:android
		ADDED from src/main/AndroidManifest.xml:2:11-69
uses-permission#android.permission.READ_EXTERNAL_STORAGE
ADDED from src/main/AndroidManifest.xml:6:5-7:9
	android:name
		ADDED from src/main/AndroidManifest.xml:6:22-77
uses-permission#android.permission.WRITE_EXTERNAL_STORAGE
ADDED from src/main/AndroidManifest.xml:8:5-80
	android:name
		ADDED from src/main/AndroidManifest.xml:8:22-78
uses-sdk
ADDED from src/main/AndroidManifest.xml:9:5-11:41
MERGED from [com.android.support:design:26.0.2] AndroidManifest.xml:21:5-23:62
MERGED from [com.android.support:appcompat-v7:26.0.2] AndroidManifest.xml:21:5-23:78
MERGED from [com.android.support:animated-vector-drawable:26.0.2] AndroidManifest.xml:20:5-44
MERGED from [com.android.support:support-vector-drawable:26.0.2] AndroidManifest.xml:20:5-44
MERGED from [com.android.support:recyclerview-v7:26.0.2] AndroidManifest.xml:20:5-44
MERGED from [com.android.support:transition:26.0.2] AndroidManifest.xml:20:5-44
MERGED from [com.android.support:support-v4:26.0.2] AndroidManifest.xml:21:5-23:54
MERGED from [com.android.support:support-media-compat:26.0.2] AndroidManifest.xml:21:5-23:63
MERGED from [com.android.support:support-fragment:26.0.2] AndroidManifest.xml:21:5-23:60
MERGED from [com.android.support:support-core-ui:26.0.2] AndroidManifest.xml:21:5-23:58
MERGED from [com.android.support:support-core-utils:26.0.2] AndroidManifest.xml:21:5-23:61
MERGED from [com.android.support:support-compat:26.0.2] AndroidManifest.xml:21:5-23:58
MERGED from [com.android.support:exifinterface:26.0.2] AndroidManifest.xml:20:5-44
	tools:overrideLibrary
		ADDED from [com.android.support:design:26.0.2] AndroidManifest.xml:23:9-59
	android:targetSdkVersion
		ADDED from src/main/AndroidManifest.xml:11:9-38
		INJECTED from src/main/AndroidManifest.xml
		INJECTED from src/main/AndroidManifest.xml
	android:minSdkVersion
		ADDED from src/main/AndroidManifest.xml:10:9-35
		INJECTED from src/main/AndroidManifest.xml
		INJECTED from src/main/AndroidManifest.xml
application
ADDED from src/main/AndroidManifest.xml:13:5-32:19
MERGED from [com.android.support:design:26.0.2] AndroidManifest.xml:25:5-29:19
MERGED from [com.android.support:appcompat-v7:26.0.2] AndroidManifest.xml:25:5-29:19
MERGED from [com.android.support:animated-vector-drawable:26.0.2] AndroidManifest.xml:22:5-26:19
MERGED from [com.android.support:support-vector-drawable:26.0.2] AndroidManifest.xml:22:5-26:19
MERGED from [com.android.support:recyclerview-v7:26.0.2] AndroidManifest.xml:22:5-26:19
MERGED from [com.android.support:transition:26.0.2] AndroidManifest.xml:22:5-26:19
MERGED from [com.android.support:support-v4:26.0.2] AndroidManifest.xml:25:5-29:19
MERGED from [com.android.support:support-media-compat:26.0.2] AndroidManifest.xml:25:5-29:19
MERGED from [com.android.support:support-fragment:26.0.2] AndroidManifest.xml:25:5-29:19
MERGED from [com.android.support:support-core-ui:26.0.2] AndroidManifest.xml:25:5-29:19
MERGED from [com.android.support:support-core-utils:26.0.2] AndroidManifest.xml:25:5-29:19
MERGED from [com.android.support:support-compat:26.0.2] AndroidManifest.xml:25:5-29:19
MERGED from [com.android.support:exifinterface:26.0.2] AndroidManifest.xml:22:5-26:19
	android:label
		ADDED from src/main/AndroidManifest.xml:16:9-41
	android:allowBackup
		ADDED from src/main/AndroidManifest.xml:14:9-35
	android:icon
		ADDED from src/main/AndroidManifest.xml:15:9-45
	android:theme
		ADDED from src/main/AndroidManifest.xml:17:9-40
activity#info.androidhive.imageslider.GridViewActivity
ADDED from src/main/AndroidManifest.xml:18:9-26:20
	android:theme
		ADDED from src/main/AndroidManifest.xml:20:13-66
	android:name
		ADDED from src/main/AndroidManifest.xml:19:13-73
intent-filter#android.intent.action.MAIN+android.intent.category.LAUNCHER
ADDED from src/main/AndroidManifest.xml:21:13-25:29
action#android.intent.action.MAIN
ADDED from src/main/AndroidManifest.xml:22:17-69
	android:name
		ADDED from src/main/AndroidManifest.xml:22:25-66
category#android.intent.category.LAUNCHER
ADDED from src/main/AndroidManifest.xml:24:17-77
	android:name
		ADDED from src/main/AndroidManifest.xml:24:27-74
activity#info.androidhive.imageslider.FullScreenViewActivity
ADDED from src/main/AndroidManifest.xml:28:9-31:20
	android:theme
		ADDED from src/main/AndroidManifest.xml:30:13-66
	android:name
		ADDED from src/main/AndroidManifest.xml:29:13-79
meta-data#android.support.VERSION
ADDED from [com.android.support:design:26.0.2] AndroidManifest.xml:26:9-28:38
MERGED from [com.android.support:appcompat-v7:26.0.2] AndroidManifest.xml:26:9-28:38
MERGED from [com.android.support:animated-vector-drawable:26.0.2] AndroidManifest.xml:23:9-25:38
MERGED from [com.android.support:support-vector-drawable:26.0.2] AndroidManifest.xml:23:9-25:38
MERGED from [com.android.support:recyclerview-v7:26.0.2] AndroidManifest.xml:23:9-25:38
MERGED from [com.android.support:transition:26.0.2] AndroidManifest.xml:23:9-25:38
MERGED from [com.android.support:support-v4:26.0.2] AndroidManifest.xml:26:9-28:38
MERGED from [com.android.support:support-media-compat:26.0.2] AndroidManifest.xml:26:9-28:38
MERGED from [com.android.support:support-fragment:26.0.2] AndroidManifest.xml:26:9-28:38
MERGED from [com.android.support:support-core-ui:26.0.2] AndroidManifest.xml:26:9-28:38
MERGED from [com.android.support:support-core-utils:26.0.2] AndroidManifest.xml:26:9-28:38
MERGED from [com.android.support:support-compat:26.0.2] AndroidManifest.xml:26:9-28:38
MERGED from [com.android.support:exifinterface:26.0.2] AndroidManifest.xml:23:9-25:38
	android:value
		ADDED from [com.android.support:design:26.0.2] AndroidManifest.xml:28:13-35
	android:name
		ADDED from [com.android.support:design:26.0.2] AndroidManifest.xml:27:13-51